<?xml version="1.0" encoding="UTF-8"?>
<robot generator="Robot 7.0 (Python 3.12.2 on darwin)" generated="2024-05-04T00:51:30.771386" rpa="false" schemaversion="5">
<suite id="s1" name="Robot-Web-Test" source="/Users/carlosbarros/Desktop/ROBOT_PRJ/ROBOT/robot-web-test">
<suite id="s1-s1" name="Test" source="/Users/carlosbarros/Desktop/ROBOT_PRJ/ROBOT/robot-web-test/Test">
<suite id="s1-s1-s1" name="Web-Test" source="/Users/carlosbarros/Desktop/ROBOT_PRJ/ROBOT/robot-web-test/Test/Web-Test.robot">
<test id="s1-s1-s1-t1" name="Realizar Acesso ao Web Site Pet" line="11">
<kw name="Abrir Browser" owner="browser_actions" type="SETUP">
<kw name="Open Browser" owner="SeleniumLibrary">
<msg time="2024-05-04T00:51:30.921277" level="INFO">Opening browser 'gc' to base url 'https://www.petz.com.br/'.</msg>
<arg>url=https://www.petz.com.br/</arg>
<arg>browser=gc</arg>
<doc>Opens a new browser instance to the optional ``url``.</doc>
<status status="PASS" start="2024-05-04T00:51:30.920922" elapsed="6.542404"/>
</kw>
<kw name="Maximize Browser Window" owner="SeleniumLibrary">
<doc>Maximizes current browser window.</doc>
<status status="PASS" start="2024-05-04T00:51:37.463997" elapsed="0.437474"/>
</kw>
<status status="PASS" start="2024-05-04T00:51:30.920117" elapsed="6.981586"/>
</kw>
<kw name="Clicar no menu Cachorros" owner="home_page">
<kw name="Wait Until Element Is Visible" owner="SeleniumLibrary">
<arg>xpath=${mnu_cachorro}</arg>
<doc>Waits until the element ``locator`` is visible.</doc>
<status status="PASS" start="2024-05-04T00:51:37.902639" elapsed="0.044760"/>
</kw>
<kw name="Click Element" owner="SeleniumLibrary">
<msg time="2024-05-04T00:51:37.948040" level="INFO">Clicking element 'xpath=//span[@class='menu-departments-item-text'][contains(.,'Cachorro')]'.</msg>
<arg>xpath=${mnu_cachorro}</arg>
<doc>Click the element identified by ``locator``.</doc>
<status status="PASS" start="2024-05-04T00:51:37.947660" elapsed="2.761673"/>
</kw>
<status status="PASS" start="2024-05-04T00:51:37.902145" elapsed="2.807470"/>
</kw>
<kw name="Clicar no menu Gatos" owner="home_page">
<kw name="Wait Until Element Is Visible" owner="SeleniumLibrary">
<arg>xpath=${mnu_gato}</arg>
<doc>Waits until the element ``locator`` is visible.</doc>
<status status="PASS" start="2024-05-04T00:51:40.710370" elapsed="0.020899"/>
</kw>
<kw name="Click Element" owner="SeleniumLibrary">
<msg time="2024-05-04T00:51:40.731876" level="INFO">Clicking element 'xpath=//span[@class='menu-departments-item-text'][contains(.,'Gato')]'.</msg>
<arg>xpath=${mnu_gato}</arg>
<doc>Click the element identified by ``locator``.</doc>
<status status="PASS" start="2024-05-04T00:51:40.731516" elapsed="1.746709"/>
</kw>
<status status="PASS" start="2024-05-04T00:51:40.709940" elapsed="1.768501"/>
</kw>
<kw name="Clicar no menu de Recompra" owner="home_page">
<kw name="Wait Until Element Is Visible" owner="SeleniumLibrary">
<arg>xpath=${mnu_recompra}</arg>
<doc>Waits until the element ``locator`` is visible.</doc>
<status status="PASS" start="2024-05-04T00:51:42.479227" elapsed="0.047408"/>
</kw>
<kw name="Click Element" owner="SeleniumLibrary">
<msg time="2024-05-04T00:51:42.527213" level="INFO">Clicking element 'xpath=//span[@class='menu-departments-item-text'][contains(.,'Recompra')]'.</msg>
<arg>xpath=${mnu_recompra}</arg>
<doc>Click the element identified by ``locator``.</doc>
<status status="PASS" start="2024-05-04T00:51:42.526874" elapsed="3.003183"/>
</kw>
<status status="PASS" start="2024-05-04T00:51:42.478761" elapsed="3.051481"/>
</kw>
<kw name="Fechar Browser" owner="browser_actions" type="TEARDOWN">
<kw name="Close Browser" owner="SeleniumLibrary">
<doc>Closes the current browser.</doc>
<status status="PASS" start="2024-05-04T00:51:45.531091" elapsed="0.185365"/>
</kw>
<status status="PASS" start="2024-05-04T00:51:45.530664" elapsed="0.185978"/>
</kw>
<status status="PASS" start="2024-05-04T00:51:30.919231" elapsed="14.797573"/>
</test>
<status status="PASS" start="2024-05-04T00:51:30.799498" elapsed="14.918353"/>
</suite>
<status status="PASS" start="2024-05-04T00:51:30.797824" elapsed="14.921064"/>
</suite>
<status status="PASS" start="2024-05-04T00:51:30.776002" elapsed="14.943893"/>
</suite>
<statistics>
<total>
<stat pass="1" fail="0" skip="0">All Tests</stat>
</total>
<tag>
</tag>
<suite>
<stat pass="1" fail="0" skip="0" id="s1" name="Robot-Web-Test">Robot-Web-Test</stat>
<stat pass="1" fail="0" skip="0" id="s1-s1" name="Test">Robot-Web-Test.Test</stat>
<stat pass="1" fail="0" skip="0" id="s1-s1-s1" name="Web-Test">Robot-Web-Test.Test.Web-Test</stat>
</suite>
</statistics>
<errors>
</errors>
</robot>
